<?xml version="1.0" encoding="UTF-8"?>
<testsuite xmlns:xsi="http://www.w3.org/2001/XMLSchema-instance" xsi:noNamespaceSchemaLocation="https://maven.apache.org/surefire/maven-surefire-plugin/xsd/surefire-test-report-3.0.xsd" version="3.0" name="com.ju5.helper.ArrayHelperTest" time="0.328" tests="8" errors="0" skipped="0" failures="0">
  <properties>
[...]
</properties>
  <testcase name="testGetSumOfElementsWithOneElement" classname="com.ju5.helper.ArrayHelperTest" time="0.141"/>
  <testcase name="testRemoveDuplicateElementInEmptyArray" classname="com.ju5.helper.ArrayHelperTest" time="0.015"/>
  <testcase name="testGetSumOfElementsWithEmptyArray" classname="com.ju5.helper.ArrayHelperTest" time="0.031"/>
  <testcase name="testRemoveDuplicateElements" classname="com.ju5.helper.ArrayHelperTest" time="0"/>
  <testcase name="testRemoveDuplicateElementsWithNoDuplicates" classname="com.ju5.helper.ArrayHelperTest" time="0.016"/>
  <testcase name="testRemoveDuplicateElementsWithOneElement" classname="com.ju5.helper.ArrayHelperTest" time="0"/>
  <testcase name="testGetSumOfElements" classname="com.ju5.helper.ArrayHelperTest" time="0"/>
  <testcase name="testRemoveDuplicateElementsWithAllDuplicates" classname="com.ju5.helper.ArrayHelperTest" time="0"/>
</testsuite>